mode: set
gmf_transmission_response/internal/models/archivo.go:48.38,50.2 1 1
gmf_transmission_response/internal/models/archivo.go:61.44,63.2 1 1
gmf_transmission_response/internal/logs/logger.go:12.34,23.2 5 1
gmf_transmission_response/internal/logs/logger.go:26.65,27.32 1 1
gmf_transmission_response/internal/logs/logger.go:28.23,29.49 1 1
gmf_transmission_response/internal/logs/logger.go:30.10,31.27 1 1
gmf_transmission_response/internal/logs/logger.go:35.68,37.2 1 1
gmf_transmission_response/internal/logs/logger.go:39.68,41.2 1 1
gmf_transmission_response/internal/logs/logger.go:44.40,46.2 1 1
gmf_transmission_response/internal/logs/logger.go:48.43,50.2 1 1
gmf_transmission_response/internal/logs/logger.go:52.51,54.2 1 1
gmf_transmission_response/internal/logs/logger.go:56.36,58.2 1 1
gmf_transmission_response/internal/logs/logger.go:61.48,63.2 1 1
gmf_transmission_response/internal/logs/logger.go:65.53,67.2 1 1
gmf_transmission_response/internal/handler/archive_handler.go:23.88,27.2 1 1
gmf_transmission_response/internal/handler/archive_handler.go:31.93,35.77 2 1
gmf_transmission_response/internal/handler/archive_handler.go:35.77,39.3 3 1
gmf_transmission_response/internal/handler/archive_handler.go:42.2,45.71 2 1
gmf_transmission_response/internal/handler/archive_handler.go:45.71,47.79 1 1
gmf_transmission_response/internal/handler/archive_handler.go:47.79,51.12 3 1
gmf_transmission_response/internal/handler/archive_handler.go:53.3,53.17 1 1
gmf_transmission_response/internal/handler/archive_handler.go:57.2,67.20 4 1
gmf_transmission_response/internal/handler/archive_handler.go:67.20,71.3 2 1
gmf_transmission_response/internal/handler/archive_handler.go:71.8,74.3 2 1
gmf_transmission_response/internal/handler/archive_handler.go:77.2,77.37 1 1
gmf_transmission_response/internal/routes/routes.go:8.65,9.80 1 1
gmf_transmission_response/internal/routes/routes.go:9.80,11.3 1 1
gmf_transmission_response/internal/service/archivo_service.go:28.77,32.2 1 1
gmf_transmission_response/internal/service/archivo_service.go:35.92,40.17 3 1
gmf_transmission_response/internal/service/archivo_service.go:40.17,42.3 1 1
gmf_transmission_response/internal/service/archivo_service.go:42.8,44.3 1 1
gmf_transmission_response/internal/service/archivo_service.go:47.2,48.16 2 1
gmf_transmission_response/internal/service/archivo_service.go:48.16,51.3 2 1
gmf_transmission_response/internal/service/archivo_service.go:54.2,54.85 1 1
gmf_transmission_response/internal/service/archivo_service.go:54.85,56.3 1 1
gmf_transmission_response/internal/service/archivo_service.go:59.2,59.89 1 1
gmf_transmission_response/internal/service/archivo_service.go:59.89,61.3 1 1
gmf_transmission_response/internal/service/archivo_service.go:64.2,70.66 2 1
gmf_transmission_response/internal/service/archivo_service.go:70.66,74.3 2 1
gmf_transmission_response/internal/service/archivo_service.go:75.2,78.12 2 1
gmf_transmission_response/internal/service/archivo_service.go:83.94,89.58 4 1
gmf_transmission_response/internal/service/archivo_service.go:89.58,90.18 1 1
gmf_transmission_response/internal/service/archivo_service.go:90.18,93.4 2 1
gmf_transmission_response/internal/service/archivo_service.go:93.9,96.4 2 1
gmf_transmission_response/internal/service/archivo_service.go:97.8,99.18 1 1
gmf_transmission_response/internal/service/archivo_service.go:99.18,102.4 2 1
gmf_transmission_response/internal/service/archivo_service.go:102.9,105.4 2 1
gmf_transmission_response/internal/service/archivo_service.go:109.2,109.54 1 1
gmf_transmission_response/internal/service/archivo_service.go:109.54,112.3 2 1
gmf_transmission_response/internal/service/archivo_service.go:114.2,114.12 1 1
gmf_transmission_response/internal/service/archivo_service.go:118.66,120.2 1 1
gmf_transmission_response/internal/service/archivo_service.go:123.60,125.2 1 1
gmf_transmission_response/internal/service/archivo_service.go:128.60,129.19 1 1
gmf_transmission_response/internal/service/archivo_service.go:129.19,131.3 1 1
gmf_transmission_response/internal/service/archivo_service.go:132.2,132.12 1 0
gmf_transmission_response/internal/repository/archivo_repository.go:21.63,25.2 1 1
gmf_transmission_response/internal/repository/archivo_repository.go:28.109,31.78 2 1
gmf_transmission_response/internal/repository/archivo_repository.go:31.78,33.3 1 1
gmf_transmission_response/internal/repository/archivo_repository.go:34.2,34.22 1 1
gmf_transmission_response/internal/repository/archivo_repository.go:38.81,45.2 1 1
gmf_transmission_response/internal/repository/archivo_repository.go:48.92,50.2 1 1
